This file contains any messages produced by compilers while
running configure, to aid debugging if configure makes a mistake.

It was created by bluez configure 5.9, which was
generated by GNU Autoconf 2.69.  Invocation command line was

  $ ./configure --disable-systemd --enable-library

## --------- ##
## Platform. ##
## --------- ##

hostname = raspberrypi
uname -m = aarch64
uname -r = 5.15.61-v8+
uname -s = Linux
uname -v = #1579 SMP PREEMPT Fri Aug 26 11:16:44 BST 2022

/usr/bin/uname -p = unknown
/bin/uname -X     = unknown

/bin/arch              = aarch64
/usr/bin/arch -k       = unknown
/usr/convex/getsysinfo = unknown
/usr/bin/hostinfo      = unknown
/bin/machine           = unknown
/usr/bin/oslevel       = unknown
/bin/universe          = unknown

PATH: /usr/local/sbin
PATH: /usr/local/bin
PATH: /usr/sbin
PATH: /usr/bin
PATH: /sbin
PATH: /bin
PATH: /usr/local/games
PATH: /usr/games


## ----------- ##
## Core tests. ##
## ----------- ##

configure:2373: checking for a BSD-compatible install
configure:2441: result: /usr/bin/install -c
configure:2452: checking whether build environment is sane
configure:2502: result: yes
configure:2643: checking for a thread-safe mkdir -p
configure:2682: result: /usr/bin/mkdir -p
configure:2695: checking for gawk
configure:2725: result: no
configure:2695: checking for mawk
configure:2711: found /usr/bin/mawk
configure:2722: result: mawk
configure:2733: checking whether make sets $(MAKE)
configure:2755: result: yes
configure:2784: checking whether make supports nested variables
configure:2801: result: yes
configure:2869: checking how to create a pax tar archive
configure:2882: tar --version
tar (GNU tar) 1.34
Copyright (C) 2021 Free Software Foundation, Inc.
License GPLv3+: GNU GPL version 3 or later <https://gnu.org/licenses/gpl.html>.
This is free software: you are free to change and redistribute it.
There is NO WARRANTY, to the extent permitted by law.

Written by John Gilmore and Jay Fenlason.
configure:2885: $? = 0
configure:2925: tardir=conftest.dir && eval tar --format=posix -chf - "$tardir" >conftest.tar
configure:2928: $? = 0
configure:2932: tar -xf - <conftest.tar
configure:2935: $? = 0
configure:2948: result: gnutar
configure:2969: checking for style of include used by make
configure:2997: result: GNU
configure:3068: checking for gcc
configure:3084: found /usr/bin/gcc
configure:3095: result: gcc
configure:3324: checking for C compiler version
configure:3333: gcc --version >&5
gcc (Debian 10.2.1-6) 10.2.1 20210110
Copyright (C) 2020 Free Software Foundation, Inc.
This is free software; see the source for copying conditions.  There is NO
warranty; not even for MERCHANTABILITY or FITNESS FOR A PARTICULAR PURPOSE.

configure:3344: $? = 0
configure:3333: gcc -v >&5
Using built-in specs.
COLLECT_GCC=gcc
COLLECT_LTO_WRAPPER=/usr/lib/gcc/aarch64-linux-gnu/10/lto-wrapper
Target: aarch64-linux-gnu
Configured with: ../src/configure -v --with-pkgversion='Debian 10.2.1-6' --with-bugurl=file:///usr/share/doc/gcc-10/README.Bugs --enable-languages=c,ada,c++,go,d,fortran,objc,obj-c++,m2 --prefix=/usr --with-gcc-major-version-only --program-suffix=-10 --program-prefix=aarch64-linux-gnu- --enable-shared --enable-linker-build-id --libexecdir=/usr/lib --without-included-gettext --enable-threads=posix --libdir=/usr/lib --enable-nls --enable-bootstrap --enable-clocale=gnu --enable-libstdcxx-debug --enable-libstdcxx-time=yes --with-default-libstdcxx-abi=new --enable-gnu-unique-object --disable-libquadmath --disable-libquadmath-support --enable-plugin --enable-default-pie --with-system-zlib --enable-libphobos-checking=release --with-target-system-zlib=auto --enable-objc-gc=auto --enable-multiarch --enable-fix-cortex-a53-843419 --disable-werror --enable-checking=release --build=aarch64-linux-gnu --host=aarch64-linux-gnu --target=aarch64-linux-gnu --with-build-config=bootstrap-lto-lean --enable-link-mutex
Thread model: posix
Supported LTO compression algorithms: zlib zstd
gcc version 10.2.1 20210110 (Debian 10.2.1-6) 
configure:3344: $? = 0
configure:3333: gcc -V >&5
gcc: error: unrecognized command-line option '-V'
gcc: fatal error: no input files
compilation terminated.
configure:3344: $? = 1
configure:3333: gcc -qversion >&5
gcc: error: unrecognized command-line option '-qversion'; did you mean '--version'?
gcc: fatal error: no input files
compilation terminated.
configure:3344: $? = 1
configure:3364: checking whether the C compiler works
configure:3386: gcc    conftest.c  >&5
configure:3390: $? = 0
configure:3438: result: yes
configure:3441: checking for C compiler default output file name
configure:3443: result: a.out
configure:3449: checking for suffix of executables
configure:3456: gcc -o conftest    conftest.c  >&5
configure:3460: $? = 0
configure:3482: result: 
configure:3504: checking whether we are cross compiling
configure:3512: gcc -o conftest    conftest.c  >&5
configure:3516: $? = 0
configure:3523: ./conftest
configure:3527: $? = 0
configure:3542: result: no
configure:3547: checking for suffix of object files
configure:3569: gcc -c   conftest.c >&5
configure:3573: $? = 0
configure:3594: result: o
configure:3598: checking whether we are using the GNU C compiler
configure:3617: gcc -c   conftest.c >&5
configure:3617: $? = 0
configure:3626: result: yes
configure:3635: checking whether gcc accepts -g
configure:3655: gcc -c -g  conftest.c >&5
configure:3655: $? = 0
configure:3696: result: yes
configure:3713: checking for gcc option to accept ISO C89
configure:3776: gcc  -c -g -O2  conftest.c >&5
configure:3776: $? = 0
configure:3789: result: none needed
configure:3811: checking dependency style of gcc
configure:3922: result: gcc3
configure:3943: checking how to run the C preprocessor
configure:3974: gcc -E  conftest.c
configure:3974: $? = 0
configure:3988: gcc -E  conftest.c
conftest.c:11:10: fatal error: ac_nonexistent.h: No such file or directory
   11 | #include <ac_nonexistent.h>
      |          ^~~~~~~~~~~~~~~~~~
compilation terminated.
configure:3988: $? = 1
configure: failed program was:
| /* confdefs.h */
| #define PACKAGE_NAME "bluez"
| #define PACKAGE_TARNAME "bluez"
| #define PACKAGE_VERSION "5.9"
| #define PACKAGE_STRING "bluez 5.9"
| #define PACKAGE_BUGREPORT ""
| #define PACKAGE_URL ""
| #define PACKAGE "bluez"
| #define VERSION "5.9"
| /* end confdefs.h.  */
| #include <ac_nonexistent.h>
configure:4013: result: gcc -E
configure:4033: gcc -E  conftest.c
configure:4033: $? = 0
configure:4047: gcc -E  conftest.c
conftest.c:11:10: fatal error: ac_nonexistent.h: No such file or directory
   11 | #include <ac_nonexistent.h>
      |          ^~~~~~~~~~~~~~~~~~
compilation terminated.
configure:4047: $? = 1
configure: failed program was:
| /* confdefs.h */
| #define PACKAGE_NAME "bluez"
| #define PACKAGE_TARNAME "bluez"
| #define PACKAGE_VERSION "5.9"
| #define PACKAGE_STRING "bluez 5.9"
| #define PACKAGE_BUGREPORT ""
| #define PACKAGE_URL ""
| #define PACKAGE "bluez"
| #define VERSION "5.9"
| /* end confdefs.h.  */
| #include <ac_nonexistent.h>
configure:4076: checking for grep that handles long lines and -e
configure:4134: result: /usr/bin/grep
configure:4139: checking for egrep
configure:4201: result: /usr/bin/grep -E
configure:4206: checking for ANSI C header files
configure:4226: gcc -c -g -O2  conftest.c >&5
configure:4226: $? = 0
configure:4299: gcc -o conftest -g -O2   conftest.c  >&5
configure:4299: $? = 0
configure:4299: ./conftest
configure:4299: $? = 0
configure:4310: result: yes
configure:4323: checking for sys/types.h
configure:4323: gcc -c -g -O2  conftest.c >&5
configure:4323: $? = 0
configure:4323: result: yes
configure:4323: checking for sys/stat.h
configure:4323: gcc -c -g -O2  conftest.c >&5
configure:4323: $? = 0
configure:4323: result: yes
configure:4323: checking for stdlib.h
configure:4323: gcc -c -g -O2  conftest.c >&5
configure:4323: $? = 0
configure:4323: result: yes
configure:4323: checking for string.h
configure:4323: gcc -c -g -O2  conftest.c >&5
configure:4323: $? = 0
configure:4323: result: yes
configure:4323: checking for memory.h
configure:4323: gcc -c -g -O2  conftest.c >&5
configure:4323: $? = 0
configure:4323: result: yes
configure:4323: checking for strings.h
configure:4323: gcc -c -g -O2  conftest.c >&5
configure:4323: $? = 0
configure:4323: result: yes
configure:4323: checking for inttypes.h
configure:4323: gcc -c -g -O2  conftest.c >&5
configure:4323: $? = 0
configure:4323: result: yes
configure:4323: checking for stdint.h
configure:4323: gcc -c -g -O2  conftest.c >&5
configure:4323: $? = 0
configure:4323: result: yes
configure:4323: checking for unistd.h
configure:4323: gcc -c -g -O2  conftest.c >&5
configure:4323: $? = 0
configure:4323: result: yes
configure:4336: checking minix/config.h usability
configure:4336: gcc -c -g -O2  conftest.c >&5
conftest.c:54:10: fatal error: minix/config.h: No such file or directory
   54 | #include <minix/config.h>
      |          ^~~~~~~~~~~~~~~~
compilation terminated.
configure:4336: $? = 1
configure: failed program was:
| /* confdefs.h */
| #define PACKAGE_NAME "bluez"
| #define PACKAGE_TARNAME "bluez"
| #define PACKAGE_VERSION "5.9"
| #define PACKAGE_STRING "bluez 5.9"
| #define PACKAGE_BUGREPORT ""
| #define PACKAGE_URL ""
| #define PACKAGE "bluez"
| #define VERSION "5.9"
| #define STDC_HEADERS 1
| #define HAVE_SYS_TYPES_H 1
| #define HAVE_SYS_STAT_H 1
| #define HAVE_STDLIB_H 1
| #define HAVE_STRING_H 1
| #define HAVE_MEMORY_H 1
| #define HAVE_STRINGS_H 1
| #define HAVE_INTTYPES_H 1
| #define HAVE_STDINT_H 1
| #define HAVE_UNISTD_H 1
| /* end confdefs.h.  */
| #include <stdio.h>
| #ifdef HAVE_SYS_TYPES_H
| # include <sys/types.h>
| #endif
| #ifdef HAVE_SYS_STAT_H
| # include <sys/stat.h>
| #endif
| #ifdef STDC_HEADERS
| # include <stdlib.h>
| # include <stddef.h>
| #else
| # ifdef HAVE_STDLIB_H
| #  include <stdlib.h>
| # endif
| #endif
| #ifdef HAVE_STRING_H
| # if !defined STDC_HEADERS && defined HAVE_MEMORY_H
| #  include <memory.h>
| # endif
| # include <string.h>
| #endif
| #ifdef HAVE_STRINGS_H
| # include <strings.h>
| #endif
| #ifdef HAVE_INTTYPES_H
| # include <inttypes.h>
| #endif
| #ifdef HAVE_STDINT_H
| # include <stdint.h>
| #endif
| #ifdef HAVE_UNISTD_H
| # include <unistd.h>
| #endif
| #include <minix/config.h>
configure:4336: result: no
configure:4336: checking minix/config.h presence
configure:4336: gcc -E  conftest.c
conftest.c:21:10: fatal error: minix/config.h: No such file or directory
   21 | #include <minix/config.h>
      |          ^~~~~~~~~~~~~~~~
compilation terminated.
configure:4336: $? = 1
configure: failed program was:
| /* confdefs.h */
| #define PACKAGE_NAME "bluez"
| #define PACKAGE_TARNAME "bluez"
| #define PACKAGE_VERSION "5.9"
| #define PACKAGE_STRING "bluez 5.9"
| #define PACKAGE_BUGREPORT ""
| #define PACKAGE_URL ""
| #define PACKAGE "bluez"
| #define VERSION "5.9"
| #define STDC_HEADERS 1
| #define HAVE_SYS_TYPES_H 1
| #define HAVE_SYS_STAT_H 1
| #define HAVE_STDLIB_H 1
| #define HAVE_STRING_H 1
| #define HAVE_MEMORY_H 1
| #define HAVE_STRINGS_H 1
| #define HAVE_INTTYPES_H 1
| #define HAVE_STDINT_H 1
| #define HAVE_UNISTD_H 1
| /* end confdefs.h.  */
| #include <minix/config.h>
configure:4336: result: no
configure:4336: checking for minix/config.h
configure:4336: result: no
configure:4357: checking whether it is safe to define __EXTENSIONS__
configure:4375: gcc -c -g -O2  conftest.c >&5
configure:4375: $? = 0
configure:4382: result: yes
configure:4408: checking whether make supports nested variables
configure:4425: result: yes
configure:4438: checking whether to enable maintainer-specific portions of Makefiles
configure:4447: result: no
configure:4517: checking for pkg-config
configure:4535: found /usr/bin/pkg-config
configure:4547: result: /usr/bin/pkg-config
configure:4572: checking pkg-config is at least version 0.9.0
configure:4575: result: yes
configure:4607: checking for C/C++ restrict keyword
configure:4632: gcc -c -g -O2  conftest.c >&5
configure:4632: $? = 0
configure:4640: result: __restrict
configure:4702: checking for gcc
configure:4729: result: gcc
configure:4958: checking for C compiler version
configure:4967: gcc --version >&5
gcc (Debian 10.2.1-6) 10.2.1 20210110
Copyright (C) 2020 Free Software Foundation, Inc.
This is free software; see the source for copying conditions.  There is NO
warranty; not even for MERCHANTABILITY or FITNESS FOR A PARTICULAR PURPOSE.

configure:4978: $? = 0
configure:4967: gcc -v >&5
Using built-in specs.
COLLECT_GCC=gcc
COLLECT_LTO_WRAPPER=/usr/lib/gcc/aarch64-linux-gnu/10/lto-wrapper
Target: aarch64-linux-gnu
Configured with: ../src/configure -v --with-pkgversion='Debian 10.2.1-6' --with-bugurl=file:///usr/share/doc/gcc-10/README.Bugs --enable-languages=c,ada,c++,go,d,fortran,objc,obj-c++,m2 --prefix=/usr --with-gcc-major-version-only --program-suffix=-10 --program-prefix=aarch64-linux-gnu- --enable-shared --enable-linker-build-id --libexecdir=/usr/lib --without-included-gettext --enable-threads=posix --libdir=/usr/lib --enable-nls --enable-bootstrap --enable-clocale=gnu --enable-libstdcxx-debug --enable-libstdcxx-time=yes --with-default-libstdcxx-abi=new --enable-gnu-unique-object --disable-libquadmath --disable-libquadmath-support --enable-plugin --enable-default-pie --with-system-zlib --enable-libphobos-checking=release --with-target-system-zlib=auto --enable-objc-gc=auto --enable-multiarch --enable-fix-cortex-a53-843419 --disable-werror --enable-checking=release --build=aarch64-linux-gnu --host=aarch64-linux-gnu --target=aarch64-linux-gnu --with-build-config=bootstrap-lto-lean --enable-link-mutex
Thread model: posix
Supported LTO compression algorithms: zlib zstd
gcc version 10.2.1 20210110 (Debian 10.2.1-6) 
configure:4978: $? = 0
configure:4967: gcc -V >&5
gcc: error: unrecognized command-line option '-V'
gcc: fatal error: no input files
compilation terminated.
configure:4978: $? = 1
configure:4967: gcc -qversion >&5
gcc: error: unrecognized command-line option '-qversion'; did you mean '--version'?
gcc: fatal error: no input files
compilation terminated.
configure:4978: $? = 1
configure:4982: checking whether we are using the GNU C compiler
configure:5010: result: yes
configure:5019: checking whether gcc accepts -g
configure:5080: result: yes
configure:5097: checking for gcc option to accept ISO C89
configure:5173: result: none needed
configure:5195: checking dependency style of gcc
configure:5306: result: gcc3
configure:5322: checking whether gcc and cc understand -c and -o together
configure:5353: gcc -c conftest.c -o conftest2.o >&5
configure:5357: $? = 0
configure:5363: gcc -c conftest.c -o conftest2.o >&5
configure:5367: $? = 0
configure:5378: cc -c conftest.c >&5
configure:5382: $? = 0
configure:5390: cc -c conftest.c -o conftest2.o >&5
configure:5394: $? = 0
configure:5400: cc -c conftest.c -o conftest2.o >&5
configure:5404: $? = 0
configure:5422: result: yes
configure:5448: checking whether gcc accepts -fPIE
configure:5463: result: yes
configure:5532: checking build system type
configure:5546: result: aarch64-unknown-linux-gnu
configure:5566: checking host system type
configure:5579: result: aarch64-unknown-linux-gnu
configure:5620: checking how to print strings
configure:5647: result: printf
configure:5668: checking for a sed that does not truncate output
configure:5732: result: /usr/bin/sed
configure:5750: checking for fgrep
configure:5812: result: /usr/bin/grep -F
configure:5847: checking for ld used by gcc
configure:5914: result: /usr/bin/ld
configure:5921: checking if the linker (/usr/bin/ld) is GNU ld
configure:5936: result: yes
configure:5948: checking for BSD- or MS-compatible name lister (nm)
configure:5997: result: /usr/bin/nm -B
configure:6127: checking the name lister (/usr/bin/nm -B) interface
configure:6134: gcc -c -g -O2  conftest.c >&5
configure:6137: /usr/bin/nm -B "conftest.o"
configure:6140: output
0000000000000000 B some_variable
configure:6147: result: BSD nm
configure:6150: checking whether ln -s works
configure:6154: result: yes
configure:6162: checking the maximum length of command line arguments
configure:6292: result: 1572864
configure:6309: checking whether the shell understands some XSI constructs
configure:6319: result: yes
configure:6323: checking whether the shell understands "+="
configure:6329: result: yes
configure:6364: checking how to convert aarch64-unknown-linux-gnu file names to aarch64-unknown-linux-gnu format
configure:6404: result: func_convert_file_noop
configure:6411: checking how to convert aarch64-unknown-linux-gnu file names to toolchain format
configure:6431: result: func_convert_file_noop
configure:6438: checking for /usr/bin/ld option to reload object files
configure:6445: result: -r
configure:6519: checking for objdump
configure:6535: found /usr/bin/objdump
configure:6546: result: objdump
configure:6578: checking how to recognize dependent libraries
configure:6776: result: pass_all
configure:6861: checking for dlltool
configure:6891: result: no
configure:6921: checking how to associate runtime and link libraries
configure:6948: result: printf %s\n
configure:7008: checking for ar
configure:7024: found /usr/bin/ar
configure:7035: result: ar
configure:7072: checking for archiver @FILE support
configure:7089: gcc -c -g -O2  conftest.c >&5
configure:7089: $? = 0
configure:7092: ar cru libconftest.a @conftest.lst >&5
ar: `u' modifier ignored since `D' is the default (see `U')
configure:7095: $? = 0
configure:7100: ar cru libconftest.a @conftest.lst >&5
ar: `u' modifier ignored since `D' is the default (see `U')
ar: conftest.o: No such file or directory
configure:7103: $? = 1
configure:7115: result: @
configure:7173: checking for strip
configure:7189: found /usr/bin/strip
configure:7200: result: strip
configure:7272: checking for ranlib
configure:7288: found /usr/bin/ranlib
configure:7299: result: ranlib
configure:7401: checking command to parse /usr/bin/nm -B output from gcc object
configure:7521: gcc -c -g -O2  conftest.c >&5
configure:7524: $? = 0
configure:7528: /usr/bin/nm -B conftest.o \| sed -n -e 's/^.*[ ]\([ABCDGIRSTW][ABCDGIRSTW]*\)[ ][ ]*\([_A-Za-z][_A-Za-z0-9]*\)$/\1 \2 \2/p' | sed '/ __gnu_lto/d' \> conftest.nm
configure:7531: $? = 0
configure:7597: gcc -o conftest -g -O2   conftest.c conftstm.o >&5
configure:7600: $? = 0
configure:7638: result: ok
configure:7675: checking for sysroot
configure:7705: result: no
configure:7961: checking for mt
configure:7977: found /usr/bin/mt
configure:7988: result: mt
configure:8011: checking if mt is a manifest tool
configure:8017: mt '-?'
configure:8025: result: no
configure:8664: checking for dlfcn.h
configure:8664: gcc -c -g -O2  conftest.c >&5
configure:8664: $? = 0
configure:8664: result: yes
configure:8840: checking for objdir
configure:8855: result: .libs
configure:9122: checking if gcc supports -fno-rtti -fno-exceptions
configure:9140: gcc -c -g -O2  -fno-rtti -fno-exceptions conftest.c >&5
cc1: warning: command-line option '-fno-rtti' is valid for C++/D/ObjC++ but not for C
configure:9144: $? = 0
configure:9157: result: no
configure:9484: checking for gcc option to produce PIC
configure:9491: result: -fPIC -DPIC
configure:9499: checking if gcc PIC flag -fPIC -DPIC works
configure:9517: gcc -c -g -O2  -fPIC -DPIC -DPIC conftest.c >&5
configure:9521: $? = 0
configure:9534: result: yes
configure:9563: checking if gcc static flag -static works
configure:9591: result: yes
configure:9606: checking if gcc supports -c -o file.o
configure:9627: gcc -c -g -O2  -o out/conftest2.o conftest.c >&5
configure:9631: $? = 0
configure:9653: result: yes
configure:9661: checking if gcc supports -c -o file.o
configure:9708: result: yes
configure:9741: checking whether the gcc linker (/usr/bin/ld) supports shared libraries
configure:10898: result: yes
configure:10935: checking whether -lc should be explicitly linked in
configure:10943: gcc -c -g -O2  conftest.c >&5
configure:10946: $? = 0
configure:10961: gcc -shared  -fPIC -DPIC conftest.o  -v -Wl,-soname -Wl,conftest -o conftest 2\>\&1 \| /usr/bin/grep  -lc  \>/dev/null 2\>\&1
configure:10964: $? = 0
configure:10978: result: no
configure:11138: checking dynamic linker characteristics
configure:11638: gcc -o conftest -g -O2   -Wl,-rpath -Wl,/foo conftest.c  >&5
configure:11638: $? = 0
configure:11872: result: GNU/Linux ld.so
configure:11979: checking how to hardcode library paths into programs
configure:12004: result: immediate
configure:12544: checking whether stripping libraries is possible
configure:12549: result: yes
configure:12584: checking if libtool supports shared libraries
configure:12586: result: yes
configure:12589: checking whether to build shared libraries
configure:12610: result: yes
configure:12613: checking whether to build static libraries
configure:12617: result: no
configure:12700: checking for signalfd
configure:12700: gcc -o conftest -g -O2   conftest.c  >&5
configure:12700: $? = 0
configure:12700: result: yes
configure:12708: checking for clock_gettime in -lrt
configure:12733: gcc -o conftest -g -O2   conftest.c -lrt   >&5
configure:12733: $? = 0
configure:12742: result: yes
configure:12751: checking for pthread_create in -lpthread
configure:12776: gcc -o conftest -g -O2   conftest.c -lpthread   >&5
configure:12776: $? = 0
configure:12785: result: yes
configure:12794: checking for dlopen in -ldl
configure:12819: gcc -o conftest -g -O2   conftest.c -ldl   >&5
configure:12819: $? = 0
configure:12828: result: yes
configure:12839: checking for GLIB
configure:12846: $PKG_CONFIG --exists --print-errors "glib-2.0 >= 2.28"
configure:12849: $? = 0
configure:12863: $PKG_CONFIG --exists --print-errors "glib-2.0 >= 2.28"
configure:12866: $? = 0
configure:12904: result: yes
configure:12992: checking for DBUS
configure:12999: $PKG_CONFIG --exists --print-errors "dbus-1 >= 1.4"
configure:13002: $? = 0
configure:13016: $PKG_CONFIG --exists --print-errors "dbus-1 >= 1.4"
configure:13019: $? = 0
configure:13057: result: yes
configure:13071: checking D-Bus configuration directory
configure:13077: result: /etc
configure:13090: checking D-Bus system bus services dir
configure:13096: result: /usr/share/dbus-1/system-services
configure:13109: checking D-Bus session bus services dir
configure:13115: result: /usr/share/dbus-1/services
configure:13185: checking for UDEV
configure:13192: $PKG_CONFIG --exists --print-errors "libudev >= 143"
configure:13195: $? = 0
configure:13209: $PKG_CONFIG --exists --print-errors "libudev >= 143"
configure:13212: $? = 0
configure:13250: result: yes
configure:13256: checking for udev_hwdb_new in -ludev
configure:13281: gcc -o conftest -g -O2   conftest.c -ludev   >&5
configure:13281: $? = 0
configure:13290: result: yes
configure:13315: checking udev directory
configure:13321: result: /lib/udev
configure:13359: checking for ICAL
configure:13366: $PKG_CONFIG --exists --print-errors "libical"
configure:13369: $? = 0
configure:13383: $PKG_CONFIG --exists --print-errors "libical"
configure:13386: $? = 0
configure:13424: result: yes
configure:13457: checking readline/readline.h usability
configure:13457: gcc -c -g -O2  conftest.c >&5
configure:13457: $? = 0
configure:13457: result: yes
configure:13457: checking readline/readline.h presence
configure:13457: gcc -E  conftest.c
configure:13457: $? = 0
configure:13457: result: yes
configure:13457: checking for readline/readline.h
configure:13457: result: yes
configure:13776: creating ./config.status

## ---------------------- ##
## Running config.status. ##
## ---------------------- ##

This file was extended by bluez config.status 5.9, which was
generated by GNU Autoconf 2.69.  Invocation command line was

  CONFIG_FILES    = 
  CONFIG_HEADERS  = 
  CONFIG_LINKS    = 
  CONFIG_COMMANDS = 
  $ ./config.status 

on raspberrypi

config.status:1144: creating Makefile
config.status:1144: creating src/bluetoothd.8
config.status:1144: creating lib/bluez.pc
config.status:1144: creating config.h
config.status:1325: config.h is unchanged
config.status:1373: executing depfiles commands
config.status:1373: executing libtool commands

## ---------------- ##
## Cache variables. ##
## ---------------- ##

ac_cv_build=aarch64-unknown-linux-gnu
ac_cv_c_compiler_gnu=yes
ac_cv_c_restrict=__restrict
ac_cv_env_CC_set=
ac_cv_env_CC_value=
ac_cv_env_CFLAGS_set=
ac_cv_env_CFLAGS_value=
ac_cv_env_CPPFLAGS_set=
ac_cv_env_CPPFLAGS_value=
ac_cv_env_CPP_set=
ac_cv_env_CPP_value=
ac_cv_env_DBUS_CFLAGS_set=
ac_cv_env_DBUS_CFLAGS_value=
ac_cv_env_DBUS_LIBS_set=
ac_cv_env_DBUS_LIBS_value=
ac_cv_env_GLIB_CFLAGS_set=
ac_cv_env_GLIB_CFLAGS_value=
ac_cv_env_GLIB_LIBS_set=
ac_cv_env_GLIB_LIBS_value=
ac_cv_env_GTHREAD_CFLAGS_set=
ac_cv_env_GTHREAD_CFLAGS_value=
ac_cv_env_GTHREAD_LIBS_set=
ac_cv_env_GTHREAD_LIBS_value=
ac_cv_env_ICAL_CFLAGS_set=
ac_cv_env_ICAL_CFLAGS_value=
ac_cv_env_ICAL_LIBS_set=
ac_cv_env_ICAL_LIBS_value=
ac_cv_env_LDFLAGS_set=
ac_cv_env_LDFLAGS_value=
ac_cv_env_LIBS_set=
ac_cv_env_LIBS_value=
ac_cv_env_PKG_CONFIG_LIBDIR_set=
ac_cv_env_PKG_CONFIG_LIBDIR_value=
ac_cv_env_PKG_CONFIG_PATH_set=
ac_cv_env_PKG_CONFIG_PATH_value=
ac_cv_env_PKG_CONFIG_set=
ac_cv_env_PKG_CONFIG_value=
ac_cv_env_UDEV_CFLAGS_set=
ac_cv_env_UDEV_CFLAGS_value=
ac_cv_env_UDEV_LIBS_set=
ac_cv_env_UDEV_LIBS_value=
ac_cv_env_build_alias_set=
ac_cv_env_build_alias_value=
ac_cv_env_host_alias_set=
ac_cv_env_host_alias_value=
ac_cv_env_target_alias_set=
ac_cv_env_target_alias_value=
ac_cv_func_signalfd=yes
ac_cv_header_dlfcn_h=yes
ac_cv_header_inttypes_h=yes
ac_cv_header_memory_h=yes
ac_cv_header_minix_config_h=no
ac_cv_header_readline_readline_h=yes
ac_cv_header_stdc=yes
ac_cv_header_stdint_h=yes
ac_cv_header_stdlib_h=yes
ac_cv_header_string_h=yes
ac_cv_header_strings_h=yes
ac_cv_header_sys_stat_h=yes
ac_cv_header_sys_types_h=yes
ac_cv_header_unistd_h=yes
ac_cv_host=aarch64-unknown-linux-gnu
ac_cv_lib_dl_dlopen=yes
ac_cv_lib_pthread_pthread_create=yes
ac_cv_lib_rt_clock_gettime=yes
ac_cv_lib_udev_udev_hwdb_new=yes
ac_cv_objext=o
ac_cv_path_EGREP='/usr/bin/grep -E'
ac_cv_path_FGREP='/usr/bin/grep -F'
ac_cv_path_GREP=/usr/bin/grep
ac_cv_path_SED=/usr/bin/sed
ac_cv_path_ac_pt_PKG_CONFIG=/usr/bin/pkg-config
ac_cv_path_install='/usr/bin/install -c'
ac_cv_path_mkdir=/usr/bin/mkdir
ac_cv_prog_AWK=mawk
ac_cv_prog_CPP='gcc -E'
ac_cv_prog_ac_ct_AR=ar
ac_cv_prog_ac_ct_CC=gcc
ac_cv_prog_ac_ct_MANIFEST_TOOL=mt
ac_cv_prog_ac_ct_OBJDUMP=objdump
ac_cv_prog_ac_ct_RANLIB=ranlib
ac_cv_prog_ac_ct_STRIP=strip
ac_cv_prog_cc_c89=
ac_cv_prog_cc_g=yes
ac_cv_prog_cc_gcc_c_o=yes
ac_cv_prog_cc_pie=yes
ac_cv_prog_make_make_set=yes
ac_cv_safe_to_define___extensions__=yes
am_cv_CC_dependencies_compiler_type=gcc3
am_cv_make_support_nested_variables=yes
am_cv_prog_tar_pax=gnutar
lt_cv_ar_at_file=@
lt_cv_archive_cmds_need_lc=no
lt_cv_deplibs_check_method=pass_all
lt_cv_file_magic_cmd='$MAGIC_CMD'
lt_cv_file_magic_test_file=
lt_cv_ld_reload_flag=-r
lt_cv_nm_interface='BSD nm'
lt_cv_objdir=.libs
lt_cv_path_LD=/usr/bin/ld
lt_cv_path_NM='/usr/bin/nm -B'
lt_cv_path_mainfest_tool=no
lt_cv_prog_compiler_c_o=yes
lt_cv_prog_compiler_pic='-fPIC -DPIC'
lt_cv_prog_compiler_pic_works=yes
lt_cv_prog_compiler_rtti_exceptions=no
lt_cv_prog_compiler_static_works=yes
lt_cv_prog_gnu_ld=yes
lt_cv_sharedlib_from_linklib_cmd='printf %s\n'
lt_cv_shlibpath_overrides_runpath=yes
lt_cv_sys_global_symbol_pipe='sed -n -e '\''s/^.*[	 ]\([ABCDGIRSTW][ABCDGIRSTW]*\)[	 ][	 ]*\([_A-Za-z][_A-Za-z0-9]*\)$/\1 \2 \2/p'\'' | sed '\''/ __gnu_lto/d'\'''
lt_cv_sys_global_symbol_to_c_name_address='sed -n -e '\''s/^: \([^ ]*\)[ ]*$/  {\"\1\", (void *) 0},/p'\'' -e '\''s/^[ABCDGIRSTW]* \([^ ]*\) \([^ ]*\)$/  {"\2", (void *) \&\2},/p'\'''
lt_cv_sys_global_symbol_to_c_name_address_lib_prefix='sed -n -e '\''s/^: \([^ ]*\)[ ]*$/  {\"\1\", (void *) 0},/p'\'' -e '\''s/^[ABCDGIRSTW]* \([^ ]*\) \(lib[^ ]*\)$/  {"\2", (void *) \&\2},/p'\'' -e '\''s/^[ABCDGIRSTW]* \([^ ]*\) \([^ ]*\)$/  {"lib\2", (void *) \&\2},/p'\'''
lt_cv_sys_global_symbol_to_cdecl='sed -n -e '\''s/^T .* \(.*\)$/extern int \1();/p'\'' -e '\''s/^[ABCDGIRSTW]* .* \(.*\)$/extern char \1;/p'\'''
lt_cv_sys_max_cmd_len=1572864
lt_cv_to_host_file_cmd=func_convert_file_noop
lt_cv_to_tool_file_cmd=func_convert_file_noop
pkg_cv_DBUS_CFLAGS='-I/usr/include/dbus-1.0 -I/usr/lib/aarch64-linux-gnu/dbus-1.0/include'
pkg_cv_DBUS_LIBS=-ldbus-1
pkg_cv_GLIB_CFLAGS='-I/usr/include/glib-2.0 -I/usr/lib/aarch64-linux-gnu/glib-2.0/include'
pkg_cv_GLIB_LIBS=-lglib-2.0
pkg_cv_ICAL_CFLAGS=
pkg_cv_ICAL_LIBS='-lical -licalss -licalvcal'
pkg_cv_UDEV_CFLAGS=
pkg_cv_UDEV_LIBS=-ludev

## ----------------- ##
## Output variables. ##
## ----------------- ##

ACLOCAL='${SHELL} /home/raspi/Documents/prog/bluez-5.9/missing --run aclocal-1.11'
AMDEPBACKSLASH='\'
AMDEP_FALSE='#'
AMDEP_TRUE=''
AMTAR='$${TAR-tar}'
AM_BACKSLASH='\'
AM_DEFAULT_V='$(AM_DEFAULT_VERBOSITY)'
AM_DEFAULT_VERBOSITY='0'
AM_V='$(V)'
AR='ar'
AUTOCONF='${SHELL} /home/raspi/Documents/prog/bluez-5.9/missing --run autoconf'
AUTOHEADER='${SHELL} /home/raspi/Documents/prog/bluez-5.9/missing --run autoheader'
AUTOMAKE='${SHELL} /home/raspi/Documents/prog/bluez-5.9/missing --run automake-1.11'
AWK='mawk'
CC='gcc'
CCDEPMODE='depmode=gcc3'
CFLAGS='-g -O2'
CLIENT_FALSE='#'
CLIENT_TRUE=''
CONFIGDIR='/usr/local/etc/bluetooth'
CPP='gcc -E'
CPPFLAGS=''
CUPS_FALSE='#'
CUPS_TRUE=''
CYGPATH_W='echo'
DATAFILES_FALSE='#'
DATAFILES_TRUE=''
DBUS_CFLAGS='-I/usr/include/dbus-1.0 -I/usr/lib/aarch64-linux-gnu/dbus-1.0/include'
DBUS_CONFDIR='/etc'
DBUS_LIBS='-ldbus-1'
DBUS_SESSIONBUSDIR='/usr/share/dbus-1/services'
DBUS_SYSTEMBUSDIR='/usr/share/dbus-1/system-services'
DEFS='-DHAVE_CONFIG_H'
DEPDIR='.deps'
DLLTOOL='false'
DSYMUTIL=''
DUMPBIN=''
ECHO_C=''
ECHO_N='-n'
ECHO_T=''
EGREP='/usr/bin/grep -E'
EXEEXT=''
EXPERIMENTAL_FALSE=''
EXPERIMENTAL_TRUE='#'
FGREP='/usr/bin/grep -F'
GLIB_CFLAGS='-I/usr/include/glib-2.0 -I/usr/lib/aarch64-linux-gnu/glib-2.0/include'
GLIB_LIBS='-lglib-2.0'
GREP='/usr/bin/grep'
GTHREAD_CFLAGS=''
GTHREAD_LIBS=''
HID2HCI_FALSE='#'
HID2HCI_TRUE=''
ICAL_CFLAGS=''
ICAL_LIBS='-lical -licalss -licalvcal'
INSTALL_DATA='${INSTALL} -m 644'
INSTALL_PROGRAM='${INSTALL}'
INSTALL_SCRIPT='${INSTALL}'
INSTALL_STRIP_PROGRAM='$(install_sh) -c -s'
LD='/usr/bin/ld'
LDFLAGS=''
LIBOBJS=''
LIBRARY_FALSE='#'
LIBRARY_TRUE=''
LIBS=''
LIBTOOL='$(SHELL) $(top_builddir)/libtool'
LIPO=''
LN_S='ln -s'
LTLIBOBJS=''
MAINT='#'
MAINTAINER_MODE_FALSE=''
MAINTAINER_MODE_TRUE='#'
MAKEINFO='${SHELL} /home/raspi/Documents/prog/bluez-5.9/missing --run makeinfo'
MANIFEST_TOOL=':'
MISC_CFLAGS=''
MISC_LDFLAGS=''
MKDIR_P='/usr/bin/mkdir -p'
MONITOR_FALSE='#'
MONITOR_TRUE=''
NM='/usr/bin/nm -B'
NMEDIT=''
OBEX_FALSE='#'
OBEX_TRUE=''
OBJDUMP='objdump'
OBJEXT='o'
OTOOL64=''
OTOOL=''
PACKAGE='bluez'
PACKAGE_BUGREPORT=''
PACKAGE_NAME='bluez'
PACKAGE_STRING='bluez 5.9'
PACKAGE_TARNAME='bluez'
PACKAGE_URL=''
PACKAGE_VERSION='5.9'
PATH_SEPARATOR=':'
PKG_CONFIG='/usr/bin/pkg-config'
PKG_CONFIG_LIBDIR=''
PKG_CONFIG_PATH=''
RANLIB='ranlib'
READLINE_FALSE='#'
READLINE_TRUE=''
SED='/usr/bin/sed'
SET_MAKE=''
SHELL='/bin/bash'
STRIP='strip'
SYSTEMD_FALSE=''
SYSTEMD_SYSTEMUNITDIR=''
SYSTEMD_TRUE='#'
SYSTEMD_USERUNITDIR=''
TEST_FALSE=''
TEST_TRUE='#'
TOOLS_FALSE='#'
TOOLS_TRUE=''
UDEV_CFLAGS=''
UDEV_DIR='/lib/udev'
UDEV_FALSE='#'
UDEV_LIBS='-ludev'
UDEV_TRUE=''
VERSION='5.9'
WARNING_CFLAGS=''
ac_ct_AR='ar'
ac_ct_CC='gcc'
ac_ct_DUMPBIN=''
am__EXEEXT_FALSE=''
am__EXEEXT_TRUE='#'
am__fastdepCC_FALSE='#'
am__fastdepCC_TRUE=''
am__include='include'
am__isrc=''
am__leading_dot='.'
am__nodep='_no'
am__quote=''
am__tar='tar --format=posix -chf - "$$tardir"'
am__untar='tar -xf -'
bindir='${exec_prefix}/bin'
build='aarch64-unknown-linux-gnu'
build_alias=''
build_cpu='aarch64'
build_os='linux-gnu'
build_vendor='unknown'
datadir='${datarootdir}'
datarootdir='${prefix}/share'
docdir='${datarootdir}/doc/${PACKAGE_TARNAME}'
dvidir='${docdir}'
exec_prefix='${prefix}'
host='aarch64-unknown-linux-gnu'
host_alias=''
host_cpu='aarch64'
host_os='linux-gnu'
host_vendor='unknown'
htmldir='${docdir}'
includedir='${prefix}/include'
infodir='${datarootdir}/info'
install_sh='${SHELL} /home/raspi/Documents/prog/bluez-5.9/install-sh'
libdir='${exec_prefix}/lib'
libexecdir='${exec_prefix}/libexec'
localedir='${datarootdir}/locale'
localstatedir='/var'
mandir='${datarootdir}/man'
mkdir_p='/usr/bin/mkdir -p'
oldincludedir='/usr/include'
pdfdir='${docdir}'
prefix='/usr/local'
program_transform_name='s,x,x,'
psdir='${docdir}'
sbindir='${exec_prefix}/sbin'
sharedstatedir='${prefix}/com'
sysconfdir='${prefix}/etc'
target_alias=''

## ----------- ##
## confdefs.h. ##
## ----------- ##

/* confdefs.h */
#define PACKAGE_NAME "bluez"
#define PACKAGE_TARNAME "bluez"
#define PACKAGE_VERSION "5.9"
#define PACKAGE_STRING "bluez 5.9"
#define PACKAGE_BUGREPORT ""
#define PACKAGE_URL ""
#define PACKAGE "bluez"
#define VERSION "5.9"
#define STDC_HEADERS 1
#define HAVE_SYS_TYPES_H 1
#define HAVE_SYS_STAT_H 1
#define HAVE_STDLIB_H 1
#define HAVE_STRING_H 1
#define HAVE_MEMORY_H 1
#define HAVE_STRINGS_H 1
#define HAVE_INTTYPES_H 1
#define HAVE_STDINT_H 1
#define HAVE_UNISTD_H 1
#define __EXTENSIONS__ 1
#define _ALL_SOURCE 1
#define _GNU_SOURCE 1
#define _POSIX_PTHREAD_SEMANTICS 1
#define _TANDEM_SOURCE 1
#define restrict __restrict
#define HAVE_DLFCN_H 1
#define LT_OBJDIR ".libs/"
#define HAVE_UDEV_HWDB_NEW 1
#define HAVE_READLINE_READLINE_H 1
#define STORAGEDIR "/var/lib/bluetooth"
#define CONFIGDIR "/usr/local/etc/bluetooth"

configure: exit 0
